{"message": "edon gninnuR- [backwards=True]", "node_id": "backwards-sizndgxbxk", "node_type": "BackwardsNode", "backwards": true, "levelname": "INFO", "module": "base_node", "lineno": 50, "asctime": "2025-01-10 13:49:43,613"}
{"message": "edon gninnuR- [backwards=True]", "node_id": "backwards-tfsiguypoc", "node_type": "BackwardsNode", "backwards": true, "levelname": "INFO", "module": "base_node", "lineno": 50, "asctime": "2025-01-10 13:49:43,613"}
{"message": "edon gninnuR- [backwards=True]", "node_id": "backwards-wgembuylsq", "node_type": "BackwardsNode", "backwards": true, "levelname": "INFO", "module": "base_node", "lineno": 50, "asctime": "2025-01-10 13:49:43,614"}
{"message": "edon gninnuR- [backwards=True]", "node_id": "backwards-gjvlwgzdvz", "node_type": "BackwardsNode", "backwards": true, "levelname": "INFO", "module": "base_node", "lineno": 50, "asctime": "2025-01-10 13:49:43,614"}
{"message": "edon gninnuR- [backwards=True]", "node_id": "backwards-xxpxwfrnvc", "node_type": "BackwardsNode", "backwards": true, "levelname": "INFO", "module": "base_node", "lineno": 50, "asctime": "2025-01-10 13:49:43,615"}
{"message": "nur ot seunitnoc edoN- [backwards=True]", "node_id": "backwards-sizndgxbxk", "node_type": "BackwardsNode", "backwards": true, "levelname": "INFO", "module": "base_node", "lineno": 54, "asctime": "2025-01-10 13:49:44,115"}
{"message": "nur ot seunitnoc edoN- [backwards=True]", "node_id": "backwards-tfsiguypoc", "node_type": "BackwardsNode", "backwards": true, "levelname": "INFO", "module": "base_node", "lineno": 54, "asctime": "2025-01-10 13:49:44,116"}
{"message": "nur ot seunitnoc edoN- [backwards=True]", "node_id": "backwards-wgembuylsq", "node_type": "BackwardsNode", "backwards": true, "levelname": "INFO", "module": "base_node", "lineno": 54, "asctime": "2025-01-10 13:49:44,116"}
{"message": "nur ot seunitnoc edoN- [backwards=True]", "node_id": "backwards-gjvlwgzdvz", "node_type": "BackwardsNode", "backwards": true, "levelname": "INFO", "module": "base_node", "lineno": 54, "asctime": "2025-01-10 13:49:44,116"}
{"message": "nur ot seunitnoc edoN- [backwards=True]", "node_id": "backwards-xxpxwfrnvc", "node_type": "BackwardsNode", "backwards": true, "levelname": "INFO", "module": "base_node", "lineno": 54, "asctime": "2025-01-10 13:49:44,116"}
{"message": "nur ot seunitnoc edoN- [backwards=True]", "node_id": "backwards-wgembuylsq", "node_type": "BackwardsNode", "backwards": true, "levelname": "INFO", "module": "base_node", "lineno": 54, "asctime": "2025-01-10 13:49:44,618"}
{"message": "nur ot seunitnoc edoN- [backwards=True]", "node_id": "backwards-tfsiguypoc", "node_type": "BackwardsNode", "backwards": true, "levelname": "INFO", "module": "base_node", "lineno": 54, "asctime": "2025-01-10 13:49:44,618"}
{"message": "nur ot seunitnoc edoN- [backwards=True]", "node_id": "backwards-sizndgxbxk", "node_type": "BackwardsNode", "backwards": true, "levelname": "INFO", "module": "base_node", "lineno": 54, "asctime": "2025-01-10 13:49:44,618"}
{"message": "nur ot seunitnoc edoN- [backwards=True]", "node_id": "backwards-xxpxwfrnvc", "node_type": "BackwardsNode", "backwards": true, "levelname": "INFO", "module": "base_node", "lineno": 54, "asctime": "2025-01-10 13:49:44,618"}
{"message": "nur ot seunitnoc edoN- [backwards=True]", "node_id": "backwards-gjvlwgzdvz", "node_type": "BackwardsNode", "backwards": true, "levelname": "INFO", "module": "base_node", "lineno": 54, "asctime": "2025-01-10 13:49:44,618"}
{"message": "FakeException: An error occurred - This is a fake exception to simulate an error", "node_id": "backwards-wgembuylsq", "node_type": "BackwardsNode", "backwards": true, "levelname": "ERROR", "module": "base_node", "lineno": 58, "asctime": "2025-01-10 13:49:44,618"}
{"message": "edon gnippotS- [backwards=True]", "node_id": "backwards-wgembuylsq", "node_type": "BackwardsNode", "backwards": true, "levelname": "INFO", "module": "base_node", "lineno": 62, "asctime": "2025-01-10 13:49:44,620"}
{"message": "nur ot seunitnoc edoN- [backwards=True]", "node_id": "backwards-gjvlwgzdvz", "node_type": "BackwardsNode", "backwards": true, "levelname": "INFO", "module": "base_node", "lineno": 54, "asctime": "2025-01-10 13:49:45,121"}
{"message": "nur ot seunitnoc edoN- [backwards=True]", "node_id": "backwards-tfsiguypoc", "node_type": "BackwardsNode", "backwards": true, "levelname": "INFO", "module": "base_node", "lineno": 54, "asctime": "2025-01-10 13:49:45,121"}
{"message": "nur ot seunitnoc edoN- [backwards=True]", "node_id": "backwards-xxpxwfrnvc", "node_type": "BackwardsNode", "backwards": true, "levelname": "INFO", "module": "base_node", "lineno": 54, "asctime": "2025-01-10 13:49:45,121"}
{"message": "nur ot seunitnoc edoN- [backwards=True]", "node_id": "backwards-sizndgxbxk", "node_type": "BackwardsNode", "backwards": true, "levelname": "INFO", "module": "base_node", "lineno": 54, "asctime": "2025-01-10 13:49:45,121"}
{"message": "FakeException: An error occurred - This is a fake exception to simulate an error", "node_id": "backwards-tfsiguypoc", "node_type": "BackwardsNode", "backwards": true, "levelname": "ERROR", "module": "base_node", "lineno": 58, "asctime": "2025-01-10 13:49:45,122"}
{"message": "edon gnippotS- [backwards=True]", "node_id": "backwards-tfsiguypoc", "node_type": "BackwardsNode", "backwards": true, "levelname": "INFO", "module": "base_node", "lineno": 62, "asctime": "2025-01-10 13:49:45,123"}
{"message": "nur ot seunitnoc edoN- [backwards=True]", "node_id": "backwards-gjvlwgzdvz", "node_type": "BackwardsNode", "backwards": true, "levelname": "INFO", "module": "base_node", "lineno": 54, "asctime": "2025-01-10 13:49:45,622"}
{"message": "nur ot seunitnoc edoN- [backwards=True]", "node_id": "backwards-xxpxwfrnvc", "node_type": "BackwardsNode", "backwards": true, "levelname": "INFO", "module": "base_node", "lineno": 54, "asctime": "2025-01-10 13:49:45,623"}
{"message": "nur ot seunitnoc edoN- [backwards=True]", "node_id": "backwards-sizndgxbxk", "node_type": "BackwardsNode", "backwards": true, "levelname": "INFO", "module": "base_node", "lineno": 54, "asctime": "2025-01-10 13:49:45,623"}
{"message": "nur ot seunitnoc edoN- [backwards=True]", "node_id": "backwards-gjvlwgzdvz", "node_type": "BackwardsNode", "backwards": true, "levelname": "INFO", "module": "base_node", "lineno": 54, "asctime": "2025-01-10 13:49:46,124"}
{"message": "FakeException: An error occurred - This is a fake exception to simulate an error", "node_id": "backwards-gjvlwgzdvz", "node_type": "BackwardsNode", "backwards": true, "levelname": "ERROR", "module": "base_node", "lineno": 58, "asctime": "2025-01-10 13:49:46,124"}
{"message": "nur ot seunitnoc edoN- [backwards=True]", "node_id": "backwards-xxpxwfrnvc", "node_type": "BackwardsNode", "backwards": true, "levelname": "INFO", "module": "base_node", "lineno": 54, "asctime": "2025-01-10 13:49:46,124"}
{"message": "nur ot seunitnoc edoN- [backwards=True]", "node_id": "backwards-sizndgxbxk", "node_type": "BackwardsNode", "backwards": true, "levelname": "INFO", "module": "base_node", "lineno": 54, "asctime": "2025-01-10 13:49:46,124"}
{"message": "edon gnippotS- [backwards=True]", "node_id": "backwards-gjvlwgzdvz", "node_type": "BackwardsNode", "backwards": true, "levelname": "INFO", "module": "base_node", "lineno": 62, "asctime": "2025-01-10 13:49:46,124"}
{"message": "nur ot seunitnoc edoN- [backwards=True]", "node_id": "backwards-xxpxwfrnvc", "node_type": "BackwardsNode", "backwards": true, "levelname": "INFO", "module": "base_node", "lineno": 54, "asctime": "2025-01-10 13:49:46,626"}
{"message": "nur ot seunitnoc edoN- [backwards=True]", "node_id": "backwards-sizndgxbxk", "node_type": "BackwardsNode", "backwards": true, "levelname": "INFO", "module": "base_node", "lineno": 54, "asctime": "2025-01-10 13:49:46,626"}
{"message": "nur ot seunitnoc edoN- [backwards=True]", "node_id": "backwards-xxpxwfrnvc", "node_type": "BackwardsNode", "backwards": true, "levelname": "INFO", "module": "base_node", "lineno": 54, "asctime": "2025-01-10 13:49:47,127"}
{"message": "nur ot seunitnoc edoN- [backwards=True]", "node_id": "backwards-sizndgxbxk", "node_type": "BackwardsNode", "backwards": true, "levelname": "INFO", "module": "base_node", "lineno": 54, "asctime": "2025-01-10 13:49:47,128"}
{"message": "nur ot seunitnoc edoN- [backwards=True]", "node_id": "backwards-xxpxwfrnvc", "node_type": "BackwardsNode", "backwards": true, "levelname": "INFO", "module": "base_node", "lineno": 54, "asctime": "2025-01-10 13:49:47,628"}
{"message": "nur ot seunitnoc edoN- [backwards=True]", "node_id": "backwards-sizndgxbxk", "node_type": "BackwardsNode", "backwards": true, "levelname": "INFO", "module": "base_node", "lineno": 54, "asctime": "2025-01-10 13:49:47,629"}
{"message": "FakeException: An error occurred - This is a fake exception to simulate an error", "node_id": "backwards-sizndgxbxk", "node_type": "BackwardsNode", "backwards": true, "levelname": "ERROR", "module": "base_node", "lineno": 58, "asctime": "2025-01-10 13:49:47,629"}
{"message": "edon gnippotS- [backwards=True]", "node_id": "backwards-sizndgxbxk", "node_type": "BackwardsNode", "backwards": true, "levelname": "INFO", "module": "base_node", "lineno": 62, "asctime": "2025-01-10 13:49:47,630"}
{"message": "nur ot seunitnoc edoN- [backwards=True]", "node_id": "backwards-xxpxwfrnvc", "node_type": "BackwardsNode", "backwards": true, "levelname": "INFO", "module": "base_node", "lineno": 54, "asctime": "2025-01-10 13:49:48,129"}
{"message": "nur ot seunitnoc edoN- [backwards=True]", "node_id": "backwards-xxpxwfrnvc", "node_type": "BackwardsNode", "backwards": true, "levelname": "INFO", "module": "base_node", "lineno": 54, "asctime": "2025-01-10 13:49:48,631"}
{"message": "nur ot seunitnoc edoN- [backwards=True]", "node_id": "backwards-xxpxwfrnvc", "node_type": "BackwardsNode", "backwards": true, "levelname": "INFO", "module": "base_node", "lineno": 54, "asctime": "2025-01-10 13:49:49,132"}
{"message": "FakeException: An error occurred - This is a fake exception to simulate an error", "node_id": "backwards-xxpxwfrnvc", "node_type": "BackwardsNode", "backwards": true, "levelname": "ERROR", "module": "base_node", "lineno": 58, "asctime": "2025-01-10 13:49:49,132"}
{"message": "edon gnippotS- [backwards=True]", "node_id": "backwards-xxpxwfrnvc", "node_type": "BackwardsNode", "backwards": true, "levelname": "INFO", "module": "base_node", "lineno": 62, "asctime": "2025-01-10 13:49:49,133"}
