{"message": "This log is a warning generated by a submodule, and is colored green", "node_id": "node-173654562", "node_type": "ColoredNode", "levelname": "WARNING", "module": "submodule", "lineno": 21, "asctime": "2025-01-10 13:47:05,744"}
{"message": "This log is a info generated by a submodule, and is colored yellow", "node_id": "node-173654562", "node_type": "ColoredNode", "levelname": "INFO", "module": "submodule", "lineno": 24, "asctime": "2025-01-10 13:47:05,744"}
{"message": "This log is an error generated by a submodule, and is colored red", "node_id": "node-173654562", "node_type": "ColoredNode", "levelname": "ERROR", "module": "submodule", "lineno": 27, "asctime": "2025-01-10 13:47:05,745"}
{"message": "Running node", "node_id": "node-173654562", "node_type": "BaseNode", "levelname": "INFO", "module": "base_node", "lineno": 50, "asctime": "2025-01-10 13:47:05,747"}
{"message": "Running node", "node_id": "node-173654562", "node_type": "BaseNode", "levelname": "INFO", "module": "base_node", "lineno": 50, "asctime": "2025-01-10 13:47:05,747"}
{"message": "Running node", "node_id": "node-173654562", "node_type": "BaseNode", "levelname": "INFO", "module": "base_node", "lineno": 50, "asctime": "2025-01-10 13:47:05,748"}
{"message": "Running node", "node_id": "node-173654562", "node_type": "BaseNode", "levelname": "INFO", "module": "base_node", "lineno": 50, "asctime": "2025-01-10 13:47:05,748"}
{"message": "Running node", "node_id": "node-173654562", "node_type": "BaseNode", "levelname": "INFO", "module": "base_node", "lineno": 50, "asctime": "2025-01-10 13:47:05,748"}
{"message": "edon gninnuR- [backwards=True]", "node_id": "backwards-gmentbrcfn", "node_type": "BackwardsNode", "backwards": true, "levelname": "INFO", "module": "base_node", "lineno": 50, "asctime": "2025-01-10 13:47:05,750"}
{"message": "edon gninnuR- [backwards=True]", "node_id": "backwards-xljumnpcfc", "node_type": "BackwardsNode", "backwards": true, "levelname": "INFO", "module": "base_node", "lineno": 50, "asctime": "2025-01-10 13:47:05,750"}
{"message": "edon gninnuR- [backwards=True]", "node_id": "backwards-dblcjswduj", "node_type": "BackwardsNode", "backwards": true, "levelname": "INFO", "module": "base_node", "lineno": 50, "asctime": "2025-01-10 13:47:05,750"}
{"message": "edon gninnuR- [backwards=True]", "node_id": "backwards-eupfankdcl", "node_type": "BackwardsNode", "backwards": true, "levelname": "INFO", "module": "base_node", "lineno": 50, "asctime": "2025-01-10 13:47:05,751"}
{"message": "edon gninnuR- [backwards=True]", "node_id": "backwards-pzdefyakjt", "node_type": "BackwardsNode", "backwards": true, "levelname": "INFO", "module": "base_node", "lineno": 50, "asctime": "2025-01-10 13:47:05,751"}
{"message": "Node continues to run", "node_id": "node-173654562", "node_type": "BaseNode", "levelname": "INFO", "module": "base_node", "lineno": 54, "asctime": "2025-01-10 13:47:06,249"}
{"message": "FakeException: An error occurred - This is a fake exception to simulate an error", "node_id": "node-173654562", "node_type": "BaseNode", "levelname": "ERROR", "module": "base_node", "lineno": 58, "asctime": "2025-01-10 13:47:06,250"}
{"message": "Node continues to run", "node_id": "node-173654562", "node_type": "BaseNode", "levelname": "INFO", "module": "base_node", "lineno": 54, "asctime": "2025-01-10 13:47:06,250"}
{"message": "Node continues to run", "node_id": "node-173654562", "node_type": "BaseNode", "levelname": "INFO", "module": "base_node", "lineno": 54, "asctime": "2025-01-10 13:47:06,250"}
{"message": "Node continues to run", "node_id": "node-173654562", "node_type": "BaseNode", "levelname": "INFO", "module": "base_node", "lineno": 54, "asctime": "2025-01-10 13:47:06,251"}
{"message": "Stopping node", "node_id": "node-173654562", "node_type": "BaseNode", "levelname": "INFO", "module": "base_node", "lineno": 62, "asctime": "2025-01-10 13:47:06,251"}
{"message": "Node continues to run", "node_id": "node-173654562", "node_type": "BaseNode", "levelname": "INFO", "module": "base_node", "lineno": 54, "asctime": "2025-01-10 13:47:06,251"}
{"message": "nur ot seunitnoc edoN- [backwards=True]", "node_id": "backwards-gmentbrcfn", "node_type": "BackwardsNode", "backwards": true, "levelname": "INFO", "module": "base_node", "lineno": 54, "asctime": "2025-01-10 13:47:06,252"}
{"message": "nur ot seunitnoc edoN- [backwards=True]", "node_id": "backwards-xljumnpcfc", "node_type": "BackwardsNode", "backwards": true, "levelname": "INFO", "module": "base_node", "lineno": 54, "asctime": "2025-01-10 13:47:06,252"}
{"message": "nur ot seunitnoc edoN- [backwards=True]", "node_id": "backwards-dblcjswduj", "node_type": "BackwardsNode", "backwards": true, "levelname": "INFO", "module": "base_node", "lineno": 54, "asctime": "2025-01-10 13:47:06,252"}
{"message": "FakeException: An error occurred - This is a fake exception to simulate an error", "node_id": "node-173654562", "node_type": "BaseNode", "levelname": "ERROR", "module": "base_node", "lineno": 58, "asctime": "2025-01-10 13:47:06,252"}
{"message": "nur ot seunitnoc edoN- [backwards=True]", "node_id": "backwards-eupfankdcl", "node_type": "BackwardsNode", "backwards": true, "levelname": "INFO", "module": "base_node", "lineno": 54, "asctime": "2025-01-10 13:47:06,253"}
{"message": "nur ot seunitnoc edoN- [backwards=True]", "node_id": "backwards-pzdefyakjt", "node_type": "BackwardsNode", "backwards": true, "levelname": "INFO", "module": "base_node", "lineno": 54, "asctime": "2025-01-10 13:47:06,253"}
{"message": "FakeException: An error occurred - This is a fake exception to simulate an error", "node_id": "backwards-xljumnpcfc", "node_type": "BackwardsNode", "backwards": true, "levelname": "ERROR", "module": "base_node", "lineno": 58, "asctime": "2025-01-10 13:47:06,254"}
{"message": "Stopping node", "node_id": "node-173654562", "node_type": "BaseNode", "levelname": "INFO", "module": "base_node", "lineno": 62, "asctime": "2025-01-10 13:47:06,254"}
{"message": "edon gnippotS- [backwards=True]", "node_id": "backwards-xljumnpcfc", "node_type": "BackwardsNode", "backwards": true, "levelname": "INFO", "module": "base_node", "lineno": 62, "asctime": "2025-01-10 13:47:06,255"}
{"message": "Node continues to run", "node_id": "node-173654562", "node_type": "BaseNode", "levelname": "INFO", "module": "base_node", "lineno": 54, "asctime": "2025-01-10 13:47:06,752"}
{"message": "Node continues to run", "node_id": "node-173654562", "node_type": "BaseNode", "levelname": "INFO", "module": "base_node", "lineno": 54, "asctime": "2025-01-10 13:47:06,752"}
{"message": "Node continues to run", "node_id": "node-173654562", "node_type": "BaseNode", "levelname": "INFO", "module": "base_node", "lineno": 54, "asctime": "2025-01-10 13:47:06,753"}
{"message": "nur ot seunitnoc edoN- [backwards=True]", "node_id": "backwards-gmentbrcfn", "node_type": "BackwardsNode", "backwards": true, "levelname": "INFO", "module": "base_node", "lineno": 54, "asctime": "2025-01-10 13:47:06,754"}
{"message": "nur ot seunitnoc edoN- [backwards=True]", "node_id": "backwards-dblcjswduj", "node_type": "BackwardsNode", "backwards": true, "levelname": "INFO", "module": "base_node", "lineno": 54, "asctime": "2025-01-10 13:47:06,754"}
{"message": "nur ot seunitnoc edoN- [backwards=True]", "node_id": "backwards-eupfankdcl", "node_type": "BackwardsNode", "backwards": true, "levelname": "INFO", "module": "base_node", "lineno": 54, "asctime": "2025-01-10 13:47:06,755"}
{"message": "nur ot seunitnoc edoN- [backwards=True]", "node_id": "backwards-pzdefyakjt", "node_type": "BackwardsNode", "backwards": true, "levelname": "INFO", "module": "base_node", "lineno": 54, "asctime": "2025-01-10 13:47:06,755"}
{"message": "Node continues to run", "node_id": "node-173654562", "node_type": "BaseNode", "levelname": "INFO", "module": "base_node", "lineno": 54, "asctime": "2025-01-10 13:47:07,254"}
{"message": "Node continues to run", "node_id": "node-173654562", "node_type": "BaseNode", "levelname": "INFO", "module": "base_node", "lineno": 54, "asctime": "2025-01-10 13:47:07,254"}
{"message": "Node continues to run", "node_id": "node-173654562", "node_type": "BaseNode", "levelname": "INFO", "module": "base_node", "lineno": 54, "asctime": "2025-01-10 13:47:07,254"}
{"message": "nur ot seunitnoc edoN- [backwards=True]", "node_id": "backwards-gmentbrcfn", "node_type": "BackwardsNode", "backwards": true, "levelname": "INFO", "module": "base_node", "lineno": 54, "asctime": "2025-01-10 13:47:07,255"}
{"message": "FakeException: An error occurred - This is a fake exception to simulate an error", "node_id": "node-173654562", "node_type": "BaseNode", "levelname": "ERROR", "module": "base_node", "lineno": 58, "asctime": "2025-01-10 13:47:07,255"}
{"message": "nur ot seunitnoc edoN- [backwards=True]", "node_id": "backwards-dblcjswduj", "node_type": "BackwardsNode", "backwards": true, "levelname": "INFO", "module": "base_node", "lineno": 54, "asctime": "2025-01-10 13:47:07,255"}
{"message": "FakeException: An error occurred - This is a fake exception to simulate an error", "node_id": "node-173654562", "node_type": "BaseNode", "levelname": "ERROR", "module": "base_node", "lineno": 58, "asctime": "2025-01-10 13:47:07,255"}
{"message": "nur ot seunitnoc edoN- [backwards=True]", "node_id": "backwards-eupfankdcl", "node_type": "BackwardsNode", "backwards": true, "levelname": "INFO", "module": "base_node", "lineno": 54, "asctime": "2025-01-10 13:47:07,256"}
{"message": "Stopping node", "node_id": "node-173654562", "node_type": "BaseNode", "levelname": "INFO", "module": "base_node", "lineno": 62, "asctime": "2025-01-10 13:47:07,256"}
{"message": "nur ot seunitnoc edoN- [backwards=True]", "node_id": "backwards-pzdefyakjt", "node_type": "BackwardsNode", "backwards": true, "levelname": "INFO", "module": "base_node", "lineno": 54, "asctime": "2025-01-10 13:47:07,256"}
{"message": "Stopping node", "node_id": "node-173654562", "node_type": "BaseNode", "levelname": "INFO", "module": "base_node", "lineno": 62, "asctime": "2025-01-10 13:47:07,256"}
{"message": "nur ot seunitnoc edoN- [backwards=True]", "node_id": "backwards-gmentbrcfn", "node_type": "BackwardsNode", "backwards": true, "levelname": "INFO", "module": "base_node", "lineno": 54, "asctime": "2025-01-10 13:47:07,756"}
{"message": "Node continues to run", "node_id": "node-173654562", "node_type": "BaseNode", "levelname": "INFO", "module": "base_node", "lineno": 54, "asctime": "2025-01-10 13:47:07,756"}
{"message": "FakeException: An error occurred - This is a fake exception to simulate an error", "node_id": "backwards-gmentbrcfn", "node_type": "BackwardsNode", "backwards": true, "levelname": "ERROR", "module": "base_node", "lineno": 58, "asctime": "2025-01-10 13:47:07,756"}
{"message": "nur ot seunitnoc edoN- [backwards=True]", "node_id": "backwards-eupfankdcl", "node_type": "BackwardsNode", "backwards": true, "levelname": "INFO", "module": "base_node", "lineno": 54, "asctime": "2025-01-10 13:47:07,757"}
{"message": "nur ot seunitnoc edoN- [backwards=True]", "node_id": "backwards-dblcjswduj", "node_type": "BackwardsNode", "backwards": true, "levelname": "INFO", "module": "base_node", "lineno": 54, "asctime": "2025-01-10 13:47:07,757"}
{"message": "nur ot seunitnoc edoN- [backwards=True]", "node_id": "backwards-pzdefyakjt", "node_type": "BackwardsNode", "backwards": true, "levelname": "INFO", "module": "base_node", "lineno": 54, "asctime": "2025-01-10 13:47:07,758"}
{"message": "edon gnippotS- [backwards=True]", "node_id": "backwards-gmentbrcfn", "node_type": "BackwardsNode", "backwards": true, "levelname": "INFO", "module": "base_node", "lineno": 62, "asctime": "2025-01-10 13:47:07,758"}
{"message": "Node continues to run", "node_id": "node-173654562", "node_type": "BaseNode", "levelname": "INFO", "module": "base_node", "lineno": 54, "asctime": "2025-01-10 13:47:08,259"}
{"message": "nur ot seunitnoc edoN- [backwards=True]", "node_id": "backwards-pzdefyakjt", "node_type": "BackwardsNode", "backwards": true, "levelname": "INFO", "module": "base_node", "lineno": 54, "asctime": "2025-01-10 13:47:08,260"}
{"message": "nur ot seunitnoc edoN- [backwards=True]", "node_id": "backwards-dblcjswduj", "node_type": "BackwardsNode", "backwards": true, "levelname": "INFO", "module": "base_node", "lineno": 54, "asctime": "2025-01-10 13:47:08,260"}
{"message": "nur ot seunitnoc edoN- [backwards=True]", "node_id": "backwards-eupfankdcl", "node_type": "BackwardsNode", "backwards": true, "levelname": "INFO", "module": "base_node", "lineno": 54, "asctime": "2025-01-10 13:47:08,260"}
{"message": "FakeException: An error occurred - This is a fake exception to simulate an error", "node_id": "backwards-eupfankdcl", "node_type": "BackwardsNode", "backwards": true, "levelname": "ERROR", "module": "base_node", "lineno": 58, "asctime": "2025-01-10 13:47:08,261"}
{"message": "edon gnippotS- [backwards=True]", "node_id": "backwards-eupfankdcl", "node_type": "BackwardsNode", "backwards": true, "levelname": "INFO", "module": "base_node", "lineno": 62, "asctime": "2025-01-10 13:47:08,262"}
{"message": "Node continues to run", "node_id": "node-173654562", "node_type": "BaseNode", "levelname": "INFO", "module": "base_node", "lineno": 54, "asctime": "2025-01-10 13:47:08,760"}
{"message": "nur ot seunitnoc edoN- [backwards=True]", "node_id": "backwards-dblcjswduj", "node_type": "BackwardsNode", "backwards": true, "levelname": "INFO", "module": "base_node", "lineno": 54, "asctime": "2025-01-10 13:47:08,761"}
{"message": "nur ot seunitnoc edoN- [backwards=True]", "node_id": "backwards-pzdefyakjt", "node_type": "BackwardsNode", "backwards": true, "levelname": "INFO", "module": "base_node", "lineno": 54, "asctime": "2025-01-10 13:47:08,761"}
{"message": "FakeException: An error occurred - This is a fake exception to simulate an error", "node_id": "backwards-dblcjswduj", "node_type": "BackwardsNode", "backwards": true, "levelname": "ERROR", "module": "base_node", "lineno": 58, "asctime": "2025-01-10 13:47:08,761"}
{"message": "edon gnippotS- [backwards=True]", "node_id": "backwards-dblcjswduj", "node_type": "BackwardsNode", "backwards": true, "levelname": "INFO", "module": "base_node", "lineno": 62, "asctime": "2025-01-10 13:47:08,762"}
{"message": "Node continues to run", "node_id": "node-173654562", "node_type": "BaseNode", "levelname": "INFO", "module": "base_node", "lineno": 54, "asctime": "2025-01-10 13:47:09,262"}
{"message": "FakeException: An error occurred - This is a fake exception to simulate an error", "node_id": "node-173654562", "node_type": "BaseNode", "levelname": "ERROR", "module": "base_node", "lineno": 58, "asctime": "2025-01-10 13:47:09,263"}
{"message": "nur ot seunitnoc edoN- [backwards=True]", "node_id": "backwards-pzdefyakjt", "node_type": "BackwardsNode", "backwards": true, "levelname": "INFO", "module": "base_node", "lineno": 54, "asctime": "2025-01-10 13:47:09,263"}
{"message": "Stopping node", "node_id": "node-173654562", "node_type": "BaseNode", "levelname": "INFO", "module": "base_node", "lineno": 62, "asctime": "2025-01-10 13:47:09,263"}
{"message": "nur ot seunitnoc edoN- [backwards=True]", "node_id": "backwards-pzdefyakjt", "node_type": "BackwardsNode", "backwards": true, "levelname": "INFO", "module": "base_node", "lineno": 54, "asctime": "2025-01-10 13:47:09,764"}
{"message": "nur ot seunitnoc edoN- [backwards=True]", "node_id": "backwards-pzdefyakjt", "node_type": "BackwardsNode", "backwards": true, "levelname": "INFO", "module": "base_node", "lineno": 54, "asctime": "2025-01-10 13:47:10,265"}
{"message": "nur ot seunitnoc edoN- [backwards=True]", "node_id": "backwards-pzdefyakjt", "node_type": "BackwardsNode", "backwards": true, "levelname": "INFO", "module": "base_node", "lineno": 54, "asctime": "2025-01-10 13:47:10,767"}
{"message": "nur ot seunitnoc edoN- [backwards=True]", "node_id": "backwards-pzdefyakjt", "node_type": "BackwardsNode", "backwards": true, "levelname": "INFO", "module": "base_node", "lineno": 54, "asctime": "2025-01-10 13:47:11,268"}
{"message": "nur ot seunitnoc edoN- [backwards=True]", "node_id": "backwards-pzdefyakjt", "node_type": "BackwardsNode", "backwards": true, "levelname": "INFO", "module": "base_node", "lineno": 54, "asctime": "2025-01-10 13:47:11,769"}
{"message": "nur ot seunitnoc edoN- [backwards=True]", "node_id": "backwards-pzdefyakjt", "node_type": "BackwardsNode", "backwards": true, "levelname": "INFO", "module": "base_node", "lineno": 54, "asctime": "2025-01-10 13:47:12,270"}
{"message": "nur ot seunitnoc edoN- [backwards=True]", "node_id": "backwards-pzdefyakjt", "node_type": "BackwardsNode", "backwards": true, "levelname": "INFO", "module": "base_node", "lineno": 54, "asctime": "2025-01-10 13:47:12,771"}
{"message": "nur ot seunitnoc edoN- [backwards=True]", "node_id": "backwards-pzdefyakjt", "node_type": "BackwardsNode", "backwards": true, "levelname": "INFO", "module": "base_node", "lineno": 54, "asctime": "2025-01-10 13:47:13,272"}
{"message": "nur ot seunitnoc edoN- [backwards=True]", "node_id": "backwards-pzdefyakjt", "node_type": "BackwardsNode", "backwards": true, "levelname": "INFO", "module": "base_node", "lineno": 54, "asctime": "2025-01-10 13:47:13,773"}
{"message": "nur ot seunitnoc edoN- [backwards=True]", "node_id": "backwards-pzdefyakjt", "node_type": "BackwardsNode", "backwards": true, "levelname": "INFO", "module": "base_node", "lineno": 54, "asctime": "2025-01-10 13:47:14,274"}
{"message": "FakeException: An error occurred - This is a fake exception to simulate an error", "node_id": "backwards-pzdefyakjt", "node_type": "BackwardsNode", "backwards": true, "levelname": "ERROR", "module": "base_node", "lineno": 58, "asctime": "2025-01-10 13:47:14,274"}
{"message": "edon gnippotS- [backwards=True]", "node_id": "backwards-pzdefyakjt", "node_type": "BackwardsNode", "backwards": true, "levelname": "INFO", "module": "base_node", "lineno": 62, "asctime": "2025-01-10 13:47:14,275"}
